#
# A fatal error has been detected by the Java Runtime Environment:
#
#  Internal Error (classFileParser.cpp:3494), pid=18956, tid=140324096505600
#  Error: ShouldNotReachHere()
#
# JRE version: 6.0_24-b24
# Java VM: OpenJDK 64-Bit Server VM (20.0-b12 mixed mode linux-amd64 compressed oops)
# Derivative: IcedTea6 1.11.4
# Distribution: Ubuntu 12.04 LTS, package 6b24-1.11.4-1ubuntu0.12.04.1
# If you would like to submit a bug report, please include
# instructions how to reproduce the bug and visit:
#   https://bugs.launchpad.net/ubuntu/+source/openjdk-6/
#

---------------  T H R E A D  ---------------

Current thread (0x00007f9fb8008000):  JavaThread "Unknown thread" [_thread_in_vm, id=18962, stack(0x00007f9fbfdcf000,0x00007f9fbfed0000)]

Stack: [0x00007f9fbfdcf000,0x00007f9fbfed0000],  sp=0x00007f9fbfece080,  free space=1020k
Native frames: (J=compiled Java code, j=interpreted, Vv=VM code, C=native code)
V  [libjvm.so+0x7836d5]  VMError::report(outputStream*)+0x1255
V  [libjvm.so+0x783959]  VMError::report_and_die()+0x169
V  [libjvm.so+0x3bb18a]  report_vm_error(char const*, int, char const*, char const*)+0x4a
V  [libjvm.so+0x351555]  ClassFileParser::parseClassFile(symbolHandle, Handle, Handle, KlassHandle, GrowableArray<Handle>*, symbolHandle&, bool, Thread*)+0x1545
V  [libjvm.so+0x3557b3]  ClassLoader::load_classfile(symbolHandle, Thread*)+0x1f3
V  [libjvm.so+0x71b894]  SystemDictionary::load_instance_class(symbolHandle, Handle, Thread*)+0x354
V  [libjvm.so+0x719fa0]  SystemDictionary::resolve_instance_class_or_null(symbolHandle, Handle, Handle, Thread*)+0x7c0
V  [libjvm.so+0x71bf23]  SystemDictionary::resolve_or_fail(symbolHandle, Handle, Handle, bool, Thread*)+0x33
V  [libjvm.so+0x71c004]  SystemDictionary::resolve_or_fail(symbolHandle, bool, Thread*)+0x14
V  [libjvm.so+0x71c0b0]  SystemDictionary::initialize_wk_klass(SystemDictionary::WKID, int, Thread*)+0xa0
V  [libjvm.so+0x71c119]  SystemDictionary::initialize_wk_klasses_until(SystemDictionary::WKID, SystemDictionary::WKID&, Thread*)+0x59
V  [libjvm.so+0x71c211]  SystemDictionary::initialize_preloaded_classes(Thread*)+0x71
V  [libjvm.so+0x75fa8f]  Universe::genesis(Thread*)+0x11f
V  [libjvm.so+0x76043f]  universe2_init()+0x1f
V  [libjvm.so+0x473f25]  init_globals()+0x95
V  [libjvm.so+0x74a3ca]  Threads::create_vm(JavaVMInitArgs*, bool*)+0x1ea
V  [libjvm.so+0x4cdbf1]  JNI_CreateJavaVM+0x61
C  [java+0x317e]  JavaMain+0x7e


---------------  P R O C E S S  ---------------

Java Threads: ( => current thread )

Other Threads:

=>0x00007f9fb8008000 (exited) JavaThread "Unknown thread" [_thread_in_vm, id=18962, stack(0x00007f9fbfdcf000,0x00007f9fbfed0000)]

VM state:not at safepoint (not fully initialized)

VM Mutex/Monitor currently owned by a thread: None

Dynamic libraries:
00400000-00409000 r-xp 00000000 08:07 5253989                            /usr/lib/jvm/java-6-openjdk-amd64/jre/bin/java
00608000-00609000 r--p 00008000 08:07 5253989                            /usr/lib/jvm/java-6-openjdk-amd64/jre/bin/java
00609000-0060a000 rw-p 00009000 08:07 5253989                            /usr/lib/jvm/java-6-openjdk-amd64/jre/bin/java
00884000-008a5000 rw-p 00000000 00:00 0                                  [heap]
77ae00000-77c2c0000 rw-p 00000000 00:00 0 
77c2c0000-785400000 rw-p 00000000 00:00 0 
785400000-78a5d0000 rw-p 00000000 00:00 0 
78a5d0000-7d7160000 rw-p 00000000 00:00 0 
7d7160000-7d9a40000 rw-p 00000000 00:00 0 
7d9a40000-800000000 rw-p 00000000 00:00 0 
7f9fa0000000-7f9fa0021000 rw-p 00000000 00:00 0 
7f9fa0021000-7f9fa4000000 ---p 00000000 00:00 0 
7f9fa8000000-7f9fa8021000 rw-p 00000000 00:00 0 
7f9fa8021000-7f9fac000000 ---p 00000000 00:00 0 
7f9fac000000-7f9fac021000 rw-p 00000000 00:00 0 
7f9fac021000-7f9fb0000000 ---p 00000000 00:00 0 
7f9fb0000000-7f9fb0021000 rw-p 00000000 00:00 0 
7f9fb0021000-7f9fb4000000 ---p 00000000 00:00 0 
7f9fb5000000-7f9fb5270000 rwxp 00000000 00:00 0 
7f9fb5270000-7f9fb8079000 rw-p 00000000 00:00 0 
7f9fb8079000-7f9fbc000000 ---p 00000000 00:00 0 
7f9fbc09d000-7f9fbc139000 r--s 00c2c000 08:07 4075013                    /home/prakhar/codebase/android-sdk-linux/platforms/android-13/android.jar
7f9fbc139000-7f9fbc161000 rw-p 00000000 00:00 0 
7f9fbc161000-7f9fbc162000 ---p 00000000 00:00 0 
7f9fbc162000-7f9fbc262000 rw-p 00000000 00:00 0 
7f9fbc262000-7f9fbc263000 ---p 00000000 00:00 0 
7f9fbc263000-7f9fbc363000 rw-p 00000000 00:00 0 
7f9fbc363000-7f9fbc364000 ---p 00000000 00:00 0 
7f9fbc364000-7f9fbc464000 rw-p 00000000 00:00 0 
7f9fbc464000-7f9fbc465000 ---p 00000000 00:00 0 
7f9fbc465000-7f9fbc570000 rw-p 00000000 00:00 0 
7f9fbc570000-7f9fbc5b8000 rw-p 00000000 00:00 0 
7f9fbc5b8000-7f9fbc5e1000 rw-p 00000000 00:00 0 
7f9fbc5e1000-7f9fbc847000 rw-p 00000000 00:00 0 
7f9fbc847000-7f9fbc852000 rw-p 00000000 00:00 0 
7f9fbc852000-7f9fbc89a000 rw-p 00000000 00:00 0 
7f9fbc89a000-7f9fbc8c3000 rw-p 00000000 00:00 0 
7f9fbc8c3000-7f9fbcb28000 rw-p 00000000 00:00 0 
7f9fbcb28000-7f9fbcb3e000 rw-p 00000000 00:00 0 
7f9fbcb3e000-7f9fbcc70000 rw-p 00000000 00:00 0 
7f9fbcc70000-7f9fbcc71000 rw-p 00000000 00:00 0 
7f9fbcc71000-7f9fbcc78000 r-xp 00000000 08:07 5253987                    /usr/lib/jvm/java-6-openjdk-amd64/jre/lib/amd64/libzip.so
7f9fbcc78000-7f9fbce77000 ---p 00007000 08:07 5253987                    /usr/lib/jvm/java-6-openjdk-amd64/jre/lib/amd64/libzip.so
7f9fbce77000-7f9fbce78000 r--p 00006000 08:07 5253987                    /usr/lib/jvm/java-6-openjdk-amd64/jre/lib/amd64/libzip.so
7f9fbce78000-7f9fbce79000 rw-p 00007000 08:07 5253987                    /usr/lib/jvm/java-6-openjdk-amd64/jre/lib/amd64/libzip.so
7f9fbce79000-7f9fbce85000 r-xp 00000000 08:07 3681644                    /lib/x86_64-linux-gnu/libnss_files-2.15.so
7f9fbce85000-7f9fbd084000 ---p 0000c000 08:07 3681644                    /lib/x86_64-linux-gnu/libnss_files-2.15.so
7f9fbd084000-7f9fbd085000 r--p 0000b000 08:07 3681644                    /lib/x86_64-linux-gnu/libnss_files-2.15.so
7f9fbd085000-7f9fbd086000 rw-p 0000c000 08:07 3681644                    /lib/x86_64-linux-gnu/libnss_files-2.15.so
7f9fbd086000-7f9fbd090000 r-xp 00000000 08:07 3681640                    /lib/x86_64-linux-gnu/libnss_nis-2.15.so
7f9fbd090000-7f9fbd290000 ---p 0000a000 08:07 3681640                    /lib/x86_64-linux-gnu/libnss_nis-2.15.so
7f9fbd290000-7f9fbd291000 r--p 0000a000 08:07 3681640                    /lib/x86_64-linux-gnu/libnss_nis-2.15.so
7f9fbd291000-7f9fbd292000 rw-p 0000b000 08:07 3681640                    /lib/x86_64-linux-gnu/libnss_nis-2.15.so
7f9fbd292000-7f9fbd2a9000 r-xp 00000000 08:07 3681653                    /lib/x86_64-linux-gnu/libnsl-2.15.so
7f9fbd2a9000-7f9fbd4a8000 ---p 00017000 08:07 3681653                    /lib/x86_64-linux-gnu/libnsl-2.15.so
7f9fbd4a8000-7f9fbd4a9000 r--p 00016000 08:07 3681653                    /lib/x86_64-linux-gnu/libnsl-2.15.so
7f9fbd4a9000-7f9fbd4aa000 rw-p 00017000 08:07 3681653                    /lib/x86_64-linux-gnu/libnsl-2.15.so
7f9fbd4aa000-7f9fbd4ac000 rw-p 00000000 00:00 0 
7f9fbd4ac000-7f9fbd4b4000 r-xp 00000000 08:07 3681645                    /lib/x86_64-linux-gnu/libnss_compat-2.15.so
7f9fbd4b4000-7f9fbd6b3000 ---p 00008000 08:07 3681645                    /lib/x86_64-linux-gnu/libnss_compat-2.15.so
7f9fbd6b3000-7f9fbd6b4000 r--p 00007000 08:07 3681645                    /lib/x86_64-linux-gnu/libnss_compat-2.15.so
7f9fbd6b4000-7f9fbd6b5000 rw-p 00008000 08:07 3681645                    /lib/x86_64-linux-gnu/libnss_compat-2.15.so
7f9fbd6b5000-7f9fbd6e1000 r-xp 00000000 08:07 5253972                    /usr/lib/jvm/java-6-openjdk-amd64/jre/lib/amd64/libjava.so
7f9fbd6e1000-7f9fbd8e0000 ---p 0002c000 08:07 5253972                    /usr/lib/jvm/java-6-openjdk-amd64/jre/lib/amd64/libjava.so
7f9fbd8e0000-7f9fbd8e1000 r--p 0002b000 08:07 5253972                    /usr/lib/jvm/java-6-openjdk-amd64/jre/lib/amd64/libjava.so
7f9fbd8e1000-7f9fbd8e4000 rw-p 0002c000 08:07 5253972                    /usr/lib/jvm/java-6-openjdk-amd64/jre/lib/amd64/libjava.so
7f9fbd8e4000-7f9fbd8f2000 r-xp 00000000 08:07 5253971                    /usr/lib/jvm/java-6-openjdk-amd64/jre/lib/amd64/libverify.so
7f9fbd8f2000-7f9fbdaf1000 ---p 0000e000 08:07 5253971                    /usr/lib/jvm/java-6-openjdk-amd64/jre/lib/amd64/libverify.so
7f9fbdaf1000-7f9fbdaf3000 r--p 0000d000 08:07 5253971                    /usr/lib/jvm/java-6-openjdk-amd64/jre/lib/amd64/libverify.so
7f9fbdaf3000-7f9fbdaf4000 rw-p 0000f000 08:07 5253971                    /usr/lib/jvm/java-6-openjdk-amd64/jre/lib/amd64/libverify.so
7f9fbdaf4000-7f9fbdafb000 r-xp 00000000 08:07 3681638                    /lib/x86_64-linux-gnu/librt-2.15.so
7f9fbdafb000-7f9fbdcfa000 ---p 00007000 08:07 3681638                    /lib/x86_64-linux-gnu/librt-2.15.so
7f9fbdcfa000-7f9fbdcfb000 r--p 00006000 08:07 3681638                    /lib/x86_64-linux-gnu/librt-2.15.so
7f9fbdcfb000-7f9fbdcfc000 rw-p 00007000 08:07 3681638                    /lib/x86_64-linux-gnu/librt-2.15.so
7f9fbdcfc000-7f9fbdd11000 r-xp 00000000 08:07 3673645                    /lib/x86_64-linux-gnu/libgcc_s.so.1
7f9fbdd11000-7f9fbdf10000 ---p 00015000 08:07 3673645                    /lib/x86_64-linux-gnu/libgcc_s.so.1
7f9fbdf10000-7f9fbdf11000 r--p 00014000 08:07 3673645                    /lib/x86_64-linux-gnu/libgcc_s.so.1
7f9fbdf11000-7f9fbdf12000 rw-p 00015000 08:07 3673645                    /lib/x86_64-linux-gnu/libgcc_s.so.1
7f9fbdf12000-7f9fbe00b000 r-xp 00000000 08:07 3681642                    /lib/x86_64-linux-gnu/libm-2.15.so
7f9fbe00b000-7f9fbe20a000 ---p 000f9000 08:07 3681642                    /lib/x86_64-linux-gnu/libm-2.15.so
7f9fbe20a000-7f9fbe20b000 r--p 000f8000 08:07 3681642                    /lib/x86_64-linux-gnu/libm-2.15.so
7f9fbe20b000-7f9fbe20c000 rw-p 000f9000 08:07 3681642                    /lib/x86_64-linux-gnu/libm-2.15.so
7f9fbe20c000-7f9fbe2ee000 r-xp 00000000 08:07 5250893                    /usr/lib/x86_64-linux-gnu/libstdc++.so.6.0.16
7f9fbe2ee000-7f9fbe4ed000 ---p 000e2000 08:07 5250893                    /usr/lib/x86_64-linux-gnu/libstdc++.so.6.0.16
7f9fbe4ed000-7f9fbe4f5000 r--p 000e1000 08:07 5250893                    /usr/lib/x86_64-linux-gnu/libstdc++.so.6.0.16
7f9fbe4f5000-7f9fbe4f7000 rw-p 000e9000 08:07 5250893                    /usr/lib/x86_64-linux-gnu/libstdc++.so.6.0.16
7f9fbe4f7000-7f9fbe50c000 rw-p 00000000 00:00 0 
7f9fbe50c000-7f9fbee10000 r-xp 00000000 08:07 5253977                    /usr/lib/jvm/java-6-openjdk-amd64/jre/lib/amd64/server/libjvm.so
7f9fbee10000-7f9fbf010000 ---p 00904000 08:07 5253977                    /usr/lib/jvm/java-6-openjdk-amd64/jre/lib/amd64/server/libjvm.so
7f9fbf010000-7f9fbf090000 r--p 00904000 08:07 5253977                    /usr/lib/jvm/java-6-openjdk-amd64/jre/lib/amd64/server/libjvm.so
7f9fbf090000-7f9fbf0ab000 rw-p 00984000 08:07 5253977                    /usr/lib/jvm/java-6-openjdk-amd64/jre/lib/amd64/server/libjvm.so
7f9fbf0ab000-7f9fbf0d4000 rw-p 00000000 00:00 0 
7f9fbf0d4000-7f9fbf0ea000 r-xp 00000000 08:07 3673735                    /lib/x86_64-linux-gnu/libz.so.1.2.3.4
7f9fbf0ea000-7f9fbf2e9000 ---p 00016000 08:07 3673735                    /lib/x86_64-linux-gnu/libz.so.1.2.3.4
7f9fbf2e9000-7f9fbf2ea000 r--p 00015000 08:07 3673735                    /lib/x86_64-linux-gnu/libz.so.1.2.3.4
7f9fbf2ea000-7f9fbf2eb000 rw-p 00016000 08:07 3673735                    /lib/x86_64-linux-gnu/libz.so.1.2.3.4
7f9fbf2eb000-7f9fbf4a0000 r-xp 00000000 08:07 3681630                    /lib/x86_64-linux-gnu/libc-2.15.so
7f9fbf4a0000-7f9fbf69f000 ---p 001b5000 08:07 3681630                    /lib/x86_64-linux-gnu/libc-2.15.so
7f9fbf69f000-7f9fbf6a3000 r--p 001b4000 08:07 3681630                    /lib/x86_64-linux-gnu/libc-2.15.so
7f9fbf6a3000-7f9fbf6a5000 rw-p 001b8000 08:07 3681630                    /lib/x86_64-linux-gnu/libc-2.15.so
7f9fbf6a5000-7f9fbf6aa000 rw-p 00000000 00:00 0 
7f9fbf6aa000-7f9fbf6ac000 r-xp 00000000 08:07 3681629                    /lib/x86_64-linux-gnu/libdl-2.15.so
7f9fbf6ac000-7f9fbf8ac000 ---p 00002000 08:07 3681629                    /lib/x86_64-linux-gnu/libdl-2.15.so
7f9fbf8ac000-7f9fbf8ad000 r--p 00002000 08:07 3681629                    /lib/x86_64-linux-gnu/libdl-2.15.so
7f9fbf8ad000-7f9fbf8ae000 rw-p 00003000 08:07 3681629                    /lib/x86_64-linux-gnu/libdl-2.15.so
7f9fbf8ae000-7f9fbf8b2000 r-xp 00000000 08:07 5253954                    /usr/lib/jvm/java-6-openjdk-amd64/jre/lib/amd64/jli/libjli.so
7f9fbf8b2000-7f9fbfab1000 ---p 00004000 08:07 5253954                    /usr/lib/jvm/java-6-openjdk-amd64/jre/lib/amd64/jli/libjli.so
7f9fbfab1000-7f9fbfab2000 r--p 00003000 08:07 5253954                    /usr/lib/jvm/java-6-openjdk-amd64/jre/lib/amd64/jli/libjli.so
7f9fbfab2000-7f9fbfab3000 rw-p 00004000 08:07 5253954                    /usr/lib/jvm/java-6-openjdk-amd64/jre/lib/amd64/jli/libjli.so
7f9fbfab3000-7f9fbfacb000 r-xp 00000000 08:07 3681636                    /lib/x86_64-linux-gnu/libpthread-2.15.so
7f9fbfacb000-7f9fbfcca000 ---p 00018000 08:07 3681636                    /lib/x86_64-linux-gnu/libpthread-2.15.so
7f9fbfcca000-7f9fbfccb000 r--p 00017000 08:07 3681636                    /lib/x86_64-linux-gnu/libpthread-2.15.so
7f9fbfccb000-7f9fbfccc000 rw-p 00018000 08:07 3681636                    /lib/x86_64-linux-gnu/libpthread-2.15.so
7f9fbfccc000-7f9fbfcd0000 rw-p 00000000 00:00 0 
7f9fbfcd0000-7f9fbfcf2000 r-xp 00000000 08:07 3681648                    /lib/x86_64-linux-gnu/ld-2.15.so
7f9fbfd0f000-7f9fbfd19000 rw-p 00000000 00:00 0 
7f9fbfd19000-7f9fbfdcf000 rw-p 00000000 00:00 0 
7f9fbfdcf000-7f9fbfdd2000 ---p 00000000 00:00 0 
7f9fbfdd2000-7f9fbfed5000 rw-p 00000000 00:00 0 
7f9fbfee6000-7f9fbfeee000 rw-s 00000000 08:07 4854339                    /tmp/hsperfdata_prakhar/18956
7f9fbfeee000-7f9fbfeef000 rw-p 00000000 00:00 0 
7f9fbfeef000-7f9fbfef0000 r--p 00000000 00:00 0 
7f9fbfef0000-7f9fbfef2000 rw-p 00000000 00:00 0 
7f9fbfef2000-7f9fbfef3000 r--p 00022000 08:07 3681648                    /lib/x86_64-linux-gnu/ld-2.15.so
7f9fbfef3000-7f9fbfef5000 rw-p 00023000 08:07 3681648                    /lib/x86_64-linux-gnu/ld-2.15.so
7fff41455000-7fff41476000 rw-p 00000000 00:00 0                          [stack]
7fff41593000-7fff41594000 r-xp 00000000 00:00 0                          [vdso]
ffffffffff600000-ffffffffff601000 r-xp 00000000 00:00 0                  [vsyscall]

VM Arguments:
jvm_args: -Dfile.encoding=UTF-8 -Xbootclasspath:/home/prakhar/codebase/android-sdk-linux/platforms/android-13/android.jar:/home/prakhar/codebase/android-sdk-linux/add-ons/addon-google_apis-google-13/libs/usb.jar:/home/prakhar/codebase/android-sdk-linux/add-ons/addon-google_apis-google-13/libs/maps.jar 
java_command: com.hack.events.xplorer.Labs
Launcher Type: SUN_STANDARD

Environment Variables:
PATH=/home/prakhar/bin:/usr/lib/lightdm/lightdm:/usr/local/sbin:/usr/local/bin:/usr/sbin:/usr/bin:/sbin:/bin:/usr/games
LD_LIBRARY_PATH=/usr/lib/jvm/java-6-openjdk-amd64/jre/lib/amd64/server:/usr/lib/jvm/java-6-openjdk-amd64/jre/lib/amd64:/usr/lib/jvm/java-6-openjdk-amd64/jre/../lib/amd64
SHELL=/bin/bash
DISPLAY=:0

Signal Handlers:
SIGSEGV: [libjvm.so+0x784310], sa_mask[0]=0x7ffbfeff, sa_flags=0x10000004
SIGBUS: [libjvm.so+0x784310], sa_mask[0]=0x7ffbfeff, sa_flags=0x10000004
SIGFPE: [libjvm.so+0x648580], sa_mask[0]=0x7ffbfeff, sa_flags=0x10000004
SIGPIPE: [libjvm.so+0x648580], sa_mask[0]=0x7ffbfeff, sa_flags=0x10000004
SIGXFSZ: [libjvm.so+0x648580], sa_mask[0]=0x7ffbfeff, sa_flags=0x10000004
SIGILL: [libjvm.so+0x648580], sa_mask[0]=0x7ffbfeff, sa_flags=0x10000004
SIGUSR1: SIG_DFL, sa_mask[0]=0x00000000, sa_flags=0x00000000
SIGUSR2: [libjvm.so+0x648730], sa_mask[0]=0x00000004, sa_flags=0x10000004
SIGHUP: SIG_DFL, sa_mask[0]=0x00000000, sa_flags=0x00000000
SIGINT: SIG_DFL, sa_mask[0]=0x00000000, sa_flags=0x00000000
SIGTERM: SIG_DFL, sa_mask[0]=0x00000000, sa_flags=0x00000000
SIGQUIT: SIG_DFL, sa_mask[0]=0x00000000, sa_flags=0x00000000


---------------  S Y S T E M  ---------------

OS:Ubuntu 12.04 (precise)
uname:Linux 3.2.0-32-generic #51-Ubuntu SMP Wed Sep 26 21:33:09 UTC 2012 x86_64
libc:glibc 2.15 NPTL 2.15 
rlimit: STACK 8192k, CORE 0k, NPROC 62663, NOFILE 4096, AS infinity
load average:0.46 0.36 0.30

/proc/meminfo:
MemTotal:        8038512 kB
MemFree:          181376 kB
Buffers:          217132 kB
Cached:          3935216 kB
SwapCached:            0 kB
Active:          4448956 kB
Inactive:        2997952 kB
Active(anon):    3290664 kB
Inactive(anon):   396764 kB
Active(file):    1158292 kB
Inactive(file):  2601188 kB
Unevictable:          48 kB
Mlocked:              48 kB
SwapTotal:       8246268 kB
SwapFree:        8246268 kB
Dirty:               108 kB
Writeback:             0 kB
AnonPages:       3294476 kB
Mapped:           206472 kB
Shmem:            392796 kB
Slab:             215128 kB
SReclaimable:     174776 kB
SUnreclaim:        40352 kB
KernelStack:        4856 kB
PageTables:        54476 kB
NFS_Unstable:          0 kB
Bounce:                0 kB
WritebackTmp:          0 kB
CommitLimit:    12265524 kB
Committed_AS:    7165200 kB
VmallocTotal:   34359738367 kB
VmallocUsed:      368328 kB
VmallocChunk:   34359352612 kB
HardwareCorrupted:     0 kB
AnonHugePages:         0 kB
HugePages_Total:       0
HugePages_Free:        0
HugePages_Rsvd:        0
HugePages_Surp:        0
Hugepagesize:       2048 kB
DirectMap4k:       96256 kB
DirectMap2M:     8200192 kB


CPU:total 4 (2 cores per cpu, 2 threads per core) family 6 model 58 stepping 9, cmov, cx8, fxsr, mmx, sse, sse2, sse3, ssse3, sse4.1, sse4.2, popcnt, ht

Memory: 4k page, physical 8038512k(181376k free), swap 8246268k(8246268k free)

vm_info: OpenJDK 64-Bit Server VM (20.0-b12) for linux-amd64 JRE (1.6.0_24-b24), built on Sep  2 2012 19:50:47 by "buildd" with gcc 4.6.3

time: Sat Oct 20 06:01:44 2012
elapsed time: 0 seconds

