#
# A fatal error has been detected by the Java Runtime Environment:
#
#  Internal Error (classFileParser.cpp:3494), pid=18793, tid=139649980086016
#  Error: ShouldNotReachHere()
#
# JRE version: 6.0_24-b24
# Java VM: OpenJDK 64-Bit Server VM (20.0-b12 mixed mode linux-amd64 compressed oops)
# Derivative: IcedTea6 1.11.4
# Distribution: Ubuntu 12.04 LTS, package 6b24-1.11.4-1ubuntu0.12.04.1
# If you would like to submit a bug report, please include
# instructions how to reproduce the bug and visit:
#   https://bugs.launchpad.net/ubuntu/+source/openjdk-6/
#

---------------  T H R E A D  ---------------

Current thread (0x00007f02c4008000):  JavaThread "Unknown thread" [_thread_in_vm, id=18794, stack(0x00007f02cb64b000,0x00007f02cb74c000)]

Stack: [0x00007f02cb64b000,0x00007f02cb74c000],  sp=0x00007f02cb74a080,  free space=1020k
Native frames: (J=compiled Java code, j=interpreted, Vv=VM code, C=native code)
V  [libjvm.so+0x7836d5]  VMError::report(outputStream*)+0x1255
V  [libjvm.so+0x783959]  VMError::report_and_die()+0x169
V  [libjvm.so+0x3bb18a]  report_vm_error(char const*, int, char const*, char const*)+0x4a
V  [libjvm.so+0x351555]  ClassFileParser::parseClassFile(symbolHandle, Handle, Handle, KlassHandle, GrowableArray<Handle>*, symbolHandle&, bool, Thread*)+0x1545
V  [libjvm.so+0x3557b3]  ClassLoader::load_classfile(symbolHandle, Thread*)+0x1f3
V  [libjvm.so+0x71b894]  SystemDictionary::load_instance_class(symbolHandle, Handle, Thread*)+0x354
V  [libjvm.so+0x719fa0]  SystemDictionary::resolve_instance_class_or_null(symbolHandle, Handle, Handle, Thread*)+0x7c0
V  [libjvm.so+0x71bf23]  SystemDictionary::resolve_or_fail(symbolHandle, Handle, Handle, bool, Thread*)+0x33
V  [libjvm.so+0x71c004]  SystemDictionary::resolve_or_fail(symbolHandle, bool, Thread*)+0x14
V  [libjvm.so+0x71c0b0]  SystemDictionary::initialize_wk_klass(SystemDictionary::WKID, int, Thread*)+0xa0
V  [libjvm.so+0x71c119]  SystemDictionary::initialize_wk_klasses_until(SystemDictionary::WKID, SystemDictionary::WKID&, Thread*)+0x59
V  [libjvm.so+0x71c211]  SystemDictionary::initialize_preloaded_classes(Thread*)+0x71
V  [libjvm.so+0x75fa8f]  Universe::genesis(Thread*)+0x11f
V  [libjvm.so+0x76043f]  universe2_init()+0x1f
V  [libjvm.so+0x473f25]  init_globals()+0x95
V  [libjvm.so+0x74a3ca]  Threads::create_vm(JavaVMInitArgs*, bool*)+0x1ea
V  [libjvm.so+0x4cdbf1]  JNI_CreateJavaVM+0x61
C  [java+0x317e]  JavaMain+0x7e


---------------  P R O C E S S  ---------------

Java Threads: ( => current thread )

Other Threads:

=>0x00007f02c4008000 (exited) JavaThread "Unknown thread" [_thread_in_vm, id=18794, stack(0x00007f02cb64b000,0x00007f02cb74c000)]

VM state:not at safepoint (not fully initialized)

VM Mutex/Monitor currently owned by a thread: None

Dynamic libraries:
00400000-00409000 r-xp 00000000 08:07 5253989                            /usr/lib/jvm/java-6-openjdk-amd64/jre/bin/java
00608000-00609000 r--p 00008000 08:07 5253989                            /usr/lib/jvm/java-6-openjdk-amd64/jre/bin/java
00609000-0060a000 rw-p 00009000 08:07 5253989                            /usr/lib/jvm/java-6-openjdk-amd64/jre/bin/java
00f48000-00f69000 rw-p 00000000 00:00 0                                  [heap]
77ae00000-77c2c0000 rw-p 00000000 00:00 0 
77c2c0000-785400000 rw-p 00000000 00:00 0 
785400000-78a5d0000 rw-p 00000000 00:00 0 
78a5d0000-7d7160000 rw-p 00000000 00:00 0 
7d7160000-7d9a40000 rw-p 00000000 00:00 0 
7d9a40000-800000000 rw-p 00000000 00:00 0 
7f02ac000000-7f02ac021000 rw-p 00000000 00:00 0 
7f02ac021000-7f02b0000000 ---p 00000000 00:00 0 
7f02b4000000-7f02b4021000 rw-p 00000000 00:00 0 
7f02b4021000-7f02b8000000 ---p 00000000 00:00 0 
7f02b8000000-7f02b8021000 rw-p 00000000 00:00 0 
7f02b8021000-7f02bc000000 ---p 00000000 00:00 0 
7f02bc000000-7f02bc021000 rw-p 00000000 00:00 0 
7f02bc021000-7f02c0000000 ---p 00000000 00:00 0 
7f02c08d1000-7f02c096d000 r--s 00c2c000 08:07 4075013                    /home/prakhar/codebase/android-sdk-linux/platforms/android-13/android.jar
7f02c096d000-7f02c096e000 ---p 00000000 00:00 0 
7f02c096e000-7f02c0a6e000 rw-p 00000000 00:00 0 
7f02c0a6e000-7f02c0a6f000 ---p 00000000 00:00 0 
7f02c0a6f000-7f02c0b6f000 rw-p 00000000 00:00 0 
7f02c0b6f000-7f02c0b70000 ---p 00000000 00:00 0 
7f02c0b70000-7f02c0c70000 rw-p 00000000 00:00 0 
7f02c0c70000-7f02c0c71000 ---p 00000000 00:00 0 
7f02c0c71000-7f02c0d9a000 rw-p 00000000 00:00 0 
7f02c0d9a000-7f02c1000000 rw-p 00000000 00:00 0 
7f02c1000000-7f02c1270000 rwxp 00000000 00:00 0 
7f02c1270000-7f02c4079000 rw-p 00000000 00:00 0 
7f02c4079000-7f02c8000000 ---p 00000000 00:00 0 
7f02c8048000-7f02c807b000 rw-p 00000000 00:00 0 
7f02c807b000-7f02c80c3000 rw-p 00000000 00:00 0 
7f02c80c3000-7f02c80ce000 rw-p 00000000 00:00 0 
7f02c80ce000-7f02c8116000 rw-p 00000000 00:00 0 
7f02c8116000-7f02c813f000 rw-p 00000000 00:00 0 
7f02c813f000-7f02c83a4000 rw-p 00000000 00:00 0 
7f02c83a4000-7f02c83ba000 rw-p 00000000 00:00 0 
7f02c83ba000-7f02c84ec000 rw-p 00000000 00:00 0 
7f02c84ec000-7f02c84ed000 rw-p 00000000 00:00 0 
7f02c84ed000-7f02c84f4000 r-xp 00000000 08:07 5253987                    /usr/lib/jvm/java-6-openjdk-amd64/jre/lib/amd64/libzip.so
7f02c84f4000-7f02c86f3000 ---p 00007000 08:07 5253987                    /usr/lib/jvm/java-6-openjdk-amd64/jre/lib/amd64/libzip.so
7f02c86f3000-7f02c86f4000 r--p 00006000 08:07 5253987                    /usr/lib/jvm/java-6-openjdk-amd64/jre/lib/amd64/libzip.so
7f02c86f4000-7f02c86f5000 rw-p 00007000 08:07 5253987                    /usr/lib/jvm/java-6-openjdk-amd64/jre/lib/amd64/libzip.so
7f02c86f5000-7f02c8701000 r-xp 00000000 08:07 3681644                    /lib/x86_64-linux-gnu/libnss_files-2.15.so
7f02c8701000-7f02c8900000 ---p 0000c000 08:07 3681644                    /lib/x86_64-linux-gnu/libnss_files-2.15.so
7f02c8900000-7f02c8901000 r--p 0000b000 08:07 3681644                    /lib/x86_64-linux-gnu/libnss_files-2.15.so
7f02c8901000-7f02c8902000 rw-p 0000c000 08:07 3681644                    /lib/x86_64-linux-gnu/libnss_files-2.15.so
7f02c8902000-7f02c890c000 r-xp 00000000 08:07 3681640                    /lib/x86_64-linux-gnu/libnss_nis-2.15.so
7f02c890c000-7f02c8b0c000 ---p 0000a000 08:07 3681640                    /lib/x86_64-linux-gnu/libnss_nis-2.15.so
7f02c8b0c000-7f02c8b0d000 r--p 0000a000 08:07 3681640                    /lib/x86_64-linux-gnu/libnss_nis-2.15.so
7f02c8b0d000-7f02c8b0e000 rw-p 0000b000 08:07 3681640                    /lib/x86_64-linux-gnu/libnss_nis-2.15.so
7f02c8b0e000-7f02c8b25000 r-xp 00000000 08:07 3681653                    /lib/x86_64-linux-gnu/libnsl-2.15.so
7f02c8b25000-7f02c8d24000 ---p 00017000 08:07 3681653                    /lib/x86_64-linux-gnu/libnsl-2.15.so
7f02c8d24000-7f02c8d25000 r--p 00016000 08:07 3681653                    /lib/x86_64-linux-gnu/libnsl-2.15.so
7f02c8d25000-7f02c8d26000 rw-p 00017000 08:07 3681653                    /lib/x86_64-linux-gnu/libnsl-2.15.so
7f02c8d26000-7f02c8d28000 rw-p 00000000 00:00 0 
7f02c8d28000-7f02c8d30000 r-xp 00000000 08:07 3681645                    /lib/x86_64-linux-gnu/libnss_compat-2.15.so
7f02c8d30000-7f02c8f2f000 ---p 00008000 08:07 3681645                    /lib/x86_64-linux-gnu/libnss_compat-2.15.so
7f02c8f2f000-7f02c8f30000 r--p 00007000 08:07 3681645                    /lib/x86_64-linux-gnu/libnss_compat-2.15.so
7f02c8f30000-7f02c8f31000 rw-p 00008000 08:07 3681645                    /lib/x86_64-linux-gnu/libnss_compat-2.15.so
7f02c8f31000-7f02c8f5d000 r-xp 00000000 08:07 5253972                    /usr/lib/jvm/java-6-openjdk-amd64/jre/lib/amd64/libjava.so
7f02c8f5d000-7f02c915c000 ---p 0002c000 08:07 5253972                    /usr/lib/jvm/java-6-openjdk-amd64/jre/lib/amd64/libjava.so
7f02c915c000-7f02c915d000 r--p 0002b000 08:07 5253972                    /usr/lib/jvm/java-6-openjdk-amd64/jre/lib/amd64/libjava.so
7f02c915d000-7f02c9160000 rw-p 0002c000 08:07 5253972                    /usr/lib/jvm/java-6-openjdk-amd64/jre/lib/amd64/libjava.so
7f02c9160000-7f02c916e000 r-xp 00000000 08:07 5253971                    /usr/lib/jvm/java-6-openjdk-amd64/jre/lib/amd64/libverify.so
7f02c916e000-7f02c936d000 ---p 0000e000 08:07 5253971                    /usr/lib/jvm/java-6-openjdk-amd64/jre/lib/amd64/libverify.so
7f02c936d000-7f02c936f000 r--p 0000d000 08:07 5253971                    /usr/lib/jvm/java-6-openjdk-amd64/jre/lib/amd64/libverify.so
7f02c936f000-7f02c9370000 rw-p 0000f000 08:07 5253971                    /usr/lib/jvm/java-6-openjdk-amd64/jre/lib/amd64/libverify.so
7f02c9370000-7f02c9377000 r-xp 00000000 08:07 3681638                    /lib/x86_64-linux-gnu/librt-2.15.so
7f02c9377000-7f02c9576000 ---p 00007000 08:07 3681638                    /lib/x86_64-linux-gnu/librt-2.15.so
7f02c9576000-7f02c9577000 r--p 00006000 08:07 3681638                    /lib/x86_64-linux-gnu/librt-2.15.so
7f02c9577000-7f02c9578000 rw-p 00007000 08:07 3681638                    /lib/x86_64-linux-gnu/librt-2.15.so
7f02c9578000-7f02c958d000 r-xp 00000000 08:07 3673645                    /lib/x86_64-linux-gnu/libgcc_s.so.1
7f02c958d000-7f02c978c000 ---p 00015000 08:07 3673645                    /lib/x86_64-linux-gnu/libgcc_s.so.1
7f02c978c000-7f02c978d000 r--p 00014000 08:07 3673645                    /lib/x86_64-linux-gnu/libgcc_s.so.1
7f02c978d000-7f02c978e000 rw-p 00015000 08:07 3673645                    /lib/x86_64-linux-gnu/libgcc_s.so.1
7f02c978e000-7f02c9887000 r-xp 00000000 08:07 3681642                    /lib/x86_64-linux-gnu/libm-2.15.so
7f02c9887000-7f02c9a86000 ---p 000f9000 08:07 3681642                    /lib/x86_64-linux-gnu/libm-2.15.so
7f02c9a86000-7f02c9a87000 r--p 000f8000 08:07 3681642                    /lib/x86_64-linux-gnu/libm-2.15.so
7f02c9a87000-7f02c9a88000 rw-p 000f9000 08:07 3681642                    /lib/x86_64-linux-gnu/libm-2.15.so
7f02c9a88000-7f02c9b6a000 r-xp 00000000 08:07 5250893                    /usr/lib/x86_64-linux-gnu/libstdc++.so.6.0.16
7f02c9b6a000-7f02c9d69000 ---p 000e2000 08:07 5250893                    /usr/lib/x86_64-linux-gnu/libstdc++.so.6.0.16
7f02c9d69000-7f02c9d71000 r--p 000e1000 08:07 5250893                    /usr/lib/x86_64-linux-gnu/libstdc++.so.6.0.16
7f02c9d71000-7f02c9d73000 rw-p 000e9000 08:07 5250893                    /usr/lib/x86_64-linux-gnu/libstdc++.so.6.0.16
7f02c9d73000-7f02c9d88000 rw-p 00000000 00:00 0 
7f02c9d88000-7f02ca68c000 r-xp 00000000 08:07 5253977                    /usr/lib/jvm/java-6-openjdk-amd64/jre/lib/amd64/server/libjvm.so
7f02ca68c000-7f02ca88c000 ---p 00904000 08:07 5253977                    /usr/lib/jvm/java-6-openjdk-amd64/jre/lib/amd64/server/libjvm.so
7f02ca88c000-7f02ca90c000 r--p 00904000 08:07 5253977                    /usr/lib/jvm/java-6-openjdk-amd64/jre/lib/amd64/server/libjvm.so
7f02ca90c000-7f02ca927000 rw-p 00984000 08:07 5253977                    /usr/lib/jvm/java-6-openjdk-amd64/jre/lib/amd64/server/libjvm.so
7f02ca927000-7f02ca950000 rw-p 00000000 00:00 0 
7f02ca950000-7f02ca966000 r-xp 00000000 08:07 3673735                    /lib/x86_64-linux-gnu/libz.so.1.2.3.4
7f02ca966000-7f02cab65000 ---p 00016000 08:07 3673735                    /lib/x86_64-linux-gnu/libz.so.1.2.3.4
7f02cab65000-7f02cab66000 r--p 00015000 08:07 3673735                    /lib/x86_64-linux-gnu/libz.so.1.2.3.4
7f02cab66000-7f02cab67000 rw-p 00016000 08:07 3673735                    /lib/x86_64-linux-gnu/libz.so.1.2.3.4
7f02cab67000-7f02cad1c000 r-xp 00000000 08:07 3681630                    /lib/x86_64-linux-gnu/libc-2.15.so
7f02cad1c000-7f02caf1b000 ---p 001b5000 08:07 3681630                    /lib/x86_64-linux-gnu/libc-2.15.so
7f02caf1b000-7f02caf1f000 r--p 001b4000 08:07 3681630                    /lib/x86_64-linux-gnu/libc-2.15.so
7f02caf1f000-7f02caf21000 rw-p 001b8000 08:07 3681630                    /lib/x86_64-linux-gnu/libc-2.15.so
7f02caf21000-7f02caf26000 rw-p 00000000 00:00 0 
7f02caf26000-7f02caf28000 r-xp 00000000 08:07 3681629                    /lib/x86_64-linux-gnu/libdl-2.15.so
7f02caf28000-7f02cb128000 ---p 00002000 08:07 3681629                    /lib/x86_64-linux-gnu/libdl-2.15.so
7f02cb128000-7f02cb129000 r--p 00002000 08:07 3681629                    /lib/x86_64-linux-gnu/libdl-2.15.so
7f02cb129000-7f02cb12a000 rw-p 00003000 08:07 3681629                    /lib/x86_64-linux-gnu/libdl-2.15.so
7f02cb12a000-7f02cb12e000 r-xp 00000000 08:07 5253954                    /usr/lib/jvm/java-6-openjdk-amd64/jre/lib/amd64/jli/libjli.so
7f02cb12e000-7f02cb32d000 ---p 00004000 08:07 5253954                    /usr/lib/jvm/java-6-openjdk-amd64/jre/lib/amd64/jli/libjli.so
7f02cb32d000-7f02cb32e000 r--p 00003000 08:07 5253954                    /usr/lib/jvm/java-6-openjdk-amd64/jre/lib/amd64/jli/libjli.so
7f02cb32e000-7f02cb32f000 rw-p 00004000 08:07 5253954                    /usr/lib/jvm/java-6-openjdk-amd64/jre/lib/amd64/jli/libjli.so
7f02cb32f000-7f02cb347000 r-xp 00000000 08:07 3681636                    /lib/x86_64-linux-gnu/libpthread-2.15.so
7f02cb347000-7f02cb546000 ---p 00018000 08:07 3681636                    /lib/x86_64-linux-gnu/libpthread-2.15.so
7f02cb546000-7f02cb547000 r--p 00017000 08:07 3681636                    /lib/x86_64-linux-gnu/libpthread-2.15.so
7f02cb547000-7f02cb548000 rw-p 00018000 08:07 3681636                    /lib/x86_64-linux-gnu/libpthread-2.15.so
7f02cb548000-7f02cb54c000 rw-p 00000000 00:00 0 
7f02cb54c000-7f02cb56e000 r-xp 00000000 08:07 3681648                    /lib/x86_64-linux-gnu/ld-2.15.so
7f02cb58b000-7f02cb595000 rw-p 00000000 00:00 0 
7f02cb595000-7f02cb64b000 rw-p 00000000 00:00 0 
7f02cb64b000-7f02cb64e000 ---p 00000000 00:00 0 
7f02cb64e000-7f02cb751000 rw-p 00000000 00:00 0 
7f02cb762000-7f02cb76a000 rw-s 00000000 08:07 4854339                    /tmp/hsperfdata_prakhar/18793
7f02cb76a000-7f02cb76b000 rw-p 00000000 00:00 0 
7f02cb76b000-7f02cb76c000 r--p 00000000 00:00 0 
7f02cb76c000-7f02cb76e000 rw-p 00000000 00:00 0 
7f02cb76e000-7f02cb76f000 r--p 00022000 08:07 3681648                    /lib/x86_64-linux-gnu/ld-2.15.so
7f02cb76f000-7f02cb771000 rw-p 00023000 08:07 3681648                    /lib/x86_64-linux-gnu/ld-2.15.so
7fff5c853000-7fff5c874000 rw-p 00000000 00:00 0                          [stack]
7fff5c968000-7fff5c969000 r-xp 00000000 00:00 0                          [vdso]
ffffffffff600000-ffffffffff601000 r-xp 00000000 00:00 0                  [vsyscall]

VM Arguments:
jvm_args: -Dfile.encoding=UTF-8 -Xbootclasspath:/home/prakhar/codebase/android-sdk-linux/platforms/android-13/android.jar:/home/prakhar/codebase/android-sdk-linux/add-ons/addon-google_apis-google-13/libs/usb.jar:/home/prakhar/codebase/android-sdk-linux/add-ons/addon-google_apis-google-13/libs/maps.jar 
java_command: com.hack.events.xplorer.Labs
Launcher Type: SUN_STANDARD

Environment Variables:
PATH=/home/prakhar/bin:/usr/lib/lightdm/lightdm:/usr/local/sbin:/usr/local/bin:/usr/sbin:/usr/bin:/sbin:/bin:/usr/games
LD_LIBRARY_PATH=/usr/lib/jvm/java-6-openjdk-amd64/jre/lib/amd64/server:/usr/lib/jvm/java-6-openjdk-amd64/jre/lib/amd64:/usr/lib/jvm/java-6-openjdk-amd64/jre/../lib/amd64
SHELL=/bin/bash
DISPLAY=:0

Signal Handlers:
SIGSEGV: [libjvm.so+0x784310], sa_mask[0]=0x7ffbfeff, sa_flags=0x10000004
SIGBUS: [libjvm.so+0x784310], sa_mask[0]=0x7ffbfeff, sa_flags=0x10000004
SIGFPE: [libjvm.so+0x648580], sa_mask[0]=0x7ffbfeff, sa_flags=0x10000004
SIGPIPE: [libjvm.so+0x648580], sa_mask[0]=0x7ffbfeff, sa_flags=0x10000004
SIGXFSZ: [libjvm.so+0x648580], sa_mask[0]=0x7ffbfeff, sa_flags=0x10000004
SIGILL: [libjvm.so+0x648580], sa_mask[0]=0x7ffbfeff, sa_flags=0x10000004
SIGUSR1: SIG_DFL, sa_mask[0]=0x00000000, sa_flags=0x00000000
SIGUSR2: [libjvm.so+0x648730], sa_mask[0]=0x00000004, sa_flags=0x10000004
SIGHUP: SIG_DFL, sa_mask[0]=0x00000000, sa_flags=0x00000000
SIGINT: SIG_DFL, sa_mask[0]=0x00000000, sa_flags=0x00000000
SIGTERM: SIG_DFL, sa_mask[0]=0x00000000, sa_flags=0x00000000
SIGQUIT: SIG_DFL, sa_mask[0]=0x00000000, sa_flags=0x00000000


---------------  S Y S T E M  ---------------

OS:Ubuntu 12.04 (precise)
uname:Linux 3.2.0-32-generic #51-Ubuntu SMP Wed Sep 26 21:33:09 UTC 2012 x86_64
libc:glibc 2.15 NPTL 2.15 
rlimit: STACK 8192k, CORE 0k, NPROC 62663, NOFILE 4096, AS infinity
load average:0.31 0.32 0.29

/proc/meminfo:
MemTotal:        8038512 kB
MemFree:          262352 kB
Buffers:          213512 kB
Cached:          3933448 kB
SwapCached:            0 kB
Active:          4361348 kB
Inactive:        3008000 kB
Active(anon):    3218652 kB
Inactive(anon):   404128 kB
Active(file):    1142696 kB
Inactive(file):  2603872 kB
Unevictable:          48 kB
Mlocked:              48 kB
SwapTotal:       8246268 kB
SwapFree:        8246268 kB
Dirty:               224 kB
Writeback:             0 kB
AnonPages:       3222612 kB
Mapped:           207120 kB
Shmem:            400336 kB
Slab:             214108 kB
SReclaimable:     173792 kB
SUnreclaim:        40316 kB
KernelStack:        4800 kB
PageTables:        53656 kB
NFS_Unstable:          0 kB
Bounce:                0 kB
WritebackTmp:          0 kB
CommitLimit:    12265524 kB
Committed_AS:    7095764 kB
VmallocTotal:   34359738367 kB
VmallocUsed:      368340 kB
VmallocChunk:   34359352612 kB
HardwareCorrupted:     0 kB
AnonHugePages:         0 kB
HugePages_Total:       0
HugePages_Free:        0
HugePages_Rsvd:        0
HugePages_Surp:        0
Hugepagesize:       2048 kB
DirectMap4k:       96256 kB
DirectMap2M:     8200192 kB


CPU:total 4 (2 cores per cpu, 2 threads per core) family 6 model 58 stepping 9, cmov, cx8, fxsr, mmx, sse, sse2, sse3, ssse3, sse4.1, sse4.2, popcnt, ht

Memory: 4k page, physical 8038512k(262352k free), swap 8246268k(8246268k free)

vm_info: OpenJDK 64-Bit Server VM (20.0-b12) for linux-amd64 JRE (1.6.0_24-b24), built on Sep  2 2012 19:50:47 by "buildd" with gcc 4.6.3

time: Sat Oct 20 06:01:16 2012
elapsed time: 0 seconds

