#
# A fatal error has been detected by the Java Runtime Environment:
#
#  Internal Error (classFileParser.cpp:3494), pid=19567, tid=140627218175744
#  Error: ShouldNotReachHere()
#
# JRE version: 6.0_24-b24
# Java VM: OpenJDK 64-Bit Server VM (20.0-b12 mixed mode linux-amd64 compressed oops)
# Derivative: IcedTea6 1.11.4
# Distribution: Ubuntu 12.04 LTS, package 6b24-1.11.4-1ubuntu0.12.04.1
# If you would like to submit a bug report, please include
# instructions how to reproduce the bug and visit:
#   https://bugs.launchpad.net/ubuntu/+source/openjdk-6/
#

---------------  T H R E A D  ---------------

Current thread (0x00007fe64c008000):  JavaThread "Unknown thread" [_thread_in_vm, id=19568, stack(0x00007fe653529000,0x00007fe65362a000)]

Stack: [0x00007fe653529000,0x00007fe65362a000],  sp=0x00007fe653628080,  free space=1020k
Native frames: (J=compiled Java code, j=interpreted, Vv=VM code, C=native code)
V  [libjvm.so+0x7836d5]  VMError::report(outputStream*)+0x1255
V  [libjvm.so+0x783959]  VMError::report_and_die()+0x169
V  [libjvm.so+0x3bb18a]  report_vm_error(char const*, int, char const*, char const*)+0x4a
V  [libjvm.so+0x351555]  ClassFileParser::parseClassFile(symbolHandle, Handle, Handle, KlassHandle, GrowableArray<Handle>*, symbolHandle&, bool, Thread*)+0x1545
V  [libjvm.so+0x3557b3]  ClassLoader::load_classfile(symbolHandle, Thread*)+0x1f3
V  [libjvm.so+0x71b894]  SystemDictionary::load_instance_class(symbolHandle, Handle, Thread*)+0x354
V  [libjvm.so+0x719fa0]  SystemDictionary::resolve_instance_class_or_null(symbolHandle, Handle, Handle, Thread*)+0x7c0
V  [libjvm.so+0x71bf23]  SystemDictionary::resolve_or_fail(symbolHandle, Handle, Handle, bool, Thread*)+0x33
V  [libjvm.so+0x71c004]  SystemDictionary::resolve_or_fail(symbolHandle, bool, Thread*)+0x14
V  [libjvm.so+0x71c0b0]  SystemDictionary::initialize_wk_klass(SystemDictionary::WKID, int, Thread*)+0xa0
V  [libjvm.so+0x71c119]  SystemDictionary::initialize_wk_klasses_until(SystemDictionary::WKID, SystemDictionary::WKID&, Thread*)+0x59
V  [libjvm.so+0x71c211]  SystemDictionary::initialize_preloaded_classes(Thread*)+0x71
V  [libjvm.so+0x75fa8f]  Universe::genesis(Thread*)+0x11f
V  [libjvm.so+0x76043f]  universe2_init()+0x1f
V  [libjvm.so+0x473f25]  init_globals()+0x95
V  [libjvm.so+0x74a3ca]  Threads::create_vm(JavaVMInitArgs*, bool*)+0x1ea
V  [libjvm.so+0x4cdbf1]  JNI_CreateJavaVM+0x61
C  [java+0x317e]  JavaMain+0x7e


---------------  P R O C E S S  ---------------

Java Threads: ( => current thread )

Other Threads:

=>0x00007fe64c008000 (exited) JavaThread "Unknown thread" [_thread_in_vm, id=19568, stack(0x00007fe653529000,0x00007fe65362a000)]

VM state:not at safepoint (not fully initialized)

VM Mutex/Monitor currently owned by a thread: None

Dynamic libraries:
00400000-00409000 r-xp 00000000 08:07 5253989                            /usr/lib/jvm/java-6-openjdk-amd64/jre/bin/java
00608000-00609000 r--p 00008000 08:07 5253989                            /usr/lib/jvm/java-6-openjdk-amd64/jre/bin/java
00609000-0060a000 rw-p 00009000 08:07 5253989                            /usr/lib/jvm/java-6-openjdk-amd64/jre/bin/java
0235d000-0237e000 rw-p 00000000 00:00 0                                  [heap]
77ae00000-77c2c0000 rw-p 00000000 00:00 0 
77c2c0000-785400000 rw-p 00000000 00:00 0 
785400000-78a5d0000 rw-p 00000000 00:00 0 
78a5d0000-7d7160000 rw-p 00000000 00:00 0 
7d7160000-7d9a40000 rw-p 00000000 00:00 0 
7d9a40000-800000000 rw-p 00000000 00:00 0 
7fe63c000000-7fe63c021000 rw-p 00000000 00:00 0 
7fe63c021000-7fe640000000 ---p 00000000 00:00 0 
7fe640000000-7fe640021000 rw-p 00000000 00:00 0 
7fe640021000-7fe644000000 ---p 00000000 00:00 0 
7fe644000000-7fe644021000 rw-p 00000000 00:00 0 
7fe644021000-7fe648000000 ---p 00000000 00:00 0 
7fe6487d2000-7fe6487d3000 ---p 00000000 00:00 0 
7fe6487d3000-7fe6488d3000 rw-p 00000000 00:00 0 
7fe6488d3000-7fe6488d4000 ---p 00000000 00:00 0 
7fe6488d4000-7fe6489d4000 rw-p 00000000 00:00 0 
7fe6489d4000-7fe6489d5000 ---p 00000000 00:00 0 
7fe6489d5000-7fe648ad5000 rw-p 00000000 00:00 0 
7fe648ad5000-7fe648ad6000 ---p 00000000 00:00 0 
7fe648ad6000-7fe648be1000 rw-p 00000000 00:00 0 
7fe648be1000-7fe648c29000 rw-p 00000000 00:00 0 
7fe648c29000-7fe648c52000 rw-p 00000000 00:00 0 
7fe648c52000-7fe648eb7000 rw-p 00000000 00:00 0 
7fe648eb7000-7fe648ecd000 rw-p 00000000 00:00 0 
7fe648ecd000-7fe648fff000 rw-p 00000000 00:00 0 
7fe648fff000-7fe649000000 rw-p 00000000 00:00 0 
7fe649000000-7fe649270000 rwxp 00000000 00:00 0 
7fe649270000-7fe64c079000 rw-p 00000000 00:00 0 
7fe64c079000-7fe650000000 ---p 00000000 00:00 0 
7fe650025000-7fe6500c1000 r--s 00c2c000 08:07 4075013                    /home/prakhar/codebase/android-sdk-linux/platforms/android-13/android.jar
7fe6500c1000-7fe6500f4000 rw-p 00000000 00:00 0 
7fe6500f4000-7fe65013c000 rw-p 00000000 00:00 0 
7fe65013c000-7fe650165000 rw-p 00000000 00:00 0 
7fe650165000-7fe6503cb000 rw-p 00000000 00:00 0 
7fe6503cb000-7fe6503d2000 r-xp 00000000 08:07 5253987                    /usr/lib/jvm/java-6-openjdk-amd64/jre/lib/amd64/libzip.so
7fe6503d2000-7fe6505d1000 ---p 00007000 08:07 5253987                    /usr/lib/jvm/java-6-openjdk-amd64/jre/lib/amd64/libzip.so
7fe6505d1000-7fe6505d2000 r--p 00006000 08:07 5253987                    /usr/lib/jvm/java-6-openjdk-amd64/jre/lib/amd64/libzip.so
7fe6505d2000-7fe6505d3000 rw-p 00007000 08:07 5253987                    /usr/lib/jvm/java-6-openjdk-amd64/jre/lib/amd64/libzip.so
7fe6505d3000-7fe6505df000 r-xp 00000000 08:07 3681644                    /lib/x86_64-linux-gnu/libnss_files-2.15.so
7fe6505df000-7fe6507de000 ---p 0000c000 08:07 3681644                    /lib/x86_64-linux-gnu/libnss_files-2.15.so
7fe6507de000-7fe6507df000 r--p 0000b000 08:07 3681644                    /lib/x86_64-linux-gnu/libnss_files-2.15.so
7fe6507df000-7fe6507e0000 rw-p 0000c000 08:07 3681644                    /lib/x86_64-linux-gnu/libnss_files-2.15.so
7fe6507e0000-7fe6507ea000 r-xp 00000000 08:07 3681640                    /lib/x86_64-linux-gnu/libnss_nis-2.15.so
7fe6507ea000-7fe6509ea000 ---p 0000a000 08:07 3681640                    /lib/x86_64-linux-gnu/libnss_nis-2.15.so
7fe6509ea000-7fe6509eb000 r--p 0000a000 08:07 3681640                    /lib/x86_64-linux-gnu/libnss_nis-2.15.so
7fe6509eb000-7fe6509ec000 rw-p 0000b000 08:07 3681640                    /lib/x86_64-linux-gnu/libnss_nis-2.15.so
7fe6509ec000-7fe650a03000 r-xp 00000000 08:07 3681653                    /lib/x86_64-linux-gnu/libnsl-2.15.so
7fe650a03000-7fe650c02000 ---p 00017000 08:07 3681653                    /lib/x86_64-linux-gnu/libnsl-2.15.so
7fe650c02000-7fe650c03000 r--p 00016000 08:07 3681653                    /lib/x86_64-linux-gnu/libnsl-2.15.so
7fe650c03000-7fe650c04000 rw-p 00017000 08:07 3681653                    /lib/x86_64-linux-gnu/libnsl-2.15.so
7fe650c04000-7fe650c06000 rw-p 00000000 00:00 0 
7fe650c06000-7fe650c0e000 r-xp 00000000 08:07 3681645                    /lib/x86_64-linux-gnu/libnss_compat-2.15.so
7fe650c0e000-7fe650e0d000 ---p 00008000 08:07 3681645                    /lib/x86_64-linux-gnu/libnss_compat-2.15.so
7fe650e0d000-7fe650e0e000 r--p 00007000 08:07 3681645                    /lib/x86_64-linux-gnu/libnss_compat-2.15.so
7fe650e0e000-7fe650e0f000 rw-p 00008000 08:07 3681645                    /lib/x86_64-linux-gnu/libnss_compat-2.15.so
7fe650e0f000-7fe650e3b000 r-xp 00000000 08:07 5253972                    /usr/lib/jvm/java-6-openjdk-amd64/jre/lib/amd64/libjava.so
7fe650e3b000-7fe65103a000 ---p 0002c000 08:07 5253972                    /usr/lib/jvm/java-6-openjdk-amd64/jre/lib/amd64/libjava.so
7fe65103a000-7fe65103b000 r--p 0002b000 08:07 5253972                    /usr/lib/jvm/java-6-openjdk-amd64/jre/lib/amd64/libjava.so
7fe65103b000-7fe65103e000 rw-p 0002c000 08:07 5253972                    /usr/lib/jvm/java-6-openjdk-amd64/jre/lib/amd64/libjava.so
7fe65103e000-7fe65104c000 r-xp 00000000 08:07 5253971                    /usr/lib/jvm/java-6-openjdk-amd64/jre/lib/amd64/libverify.so
7fe65104c000-7fe65124b000 ---p 0000e000 08:07 5253971                    /usr/lib/jvm/java-6-openjdk-amd64/jre/lib/amd64/libverify.so
7fe65124b000-7fe65124d000 r--p 0000d000 08:07 5253971                    /usr/lib/jvm/java-6-openjdk-amd64/jre/lib/amd64/libverify.so
7fe65124d000-7fe65124e000 rw-p 0000f000 08:07 5253971                    /usr/lib/jvm/java-6-openjdk-amd64/jre/lib/amd64/libverify.so
7fe65124e000-7fe651255000 r-xp 00000000 08:07 3681638                    /lib/x86_64-linux-gnu/librt-2.15.so
7fe651255000-7fe651454000 ---p 00007000 08:07 3681638                    /lib/x86_64-linux-gnu/librt-2.15.so
7fe651454000-7fe651455000 r--p 00006000 08:07 3681638                    /lib/x86_64-linux-gnu/librt-2.15.so
7fe651455000-7fe651456000 rw-p 00007000 08:07 3681638                    /lib/x86_64-linux-gnu/librt-2.15.so
7fe651456000-7fe65146b000 r-xp 00000000 08:07 3673645                    /lib/x86_64-linux-gnu/libgcc_s.so.1
7fe65146b000-7fe65166a000 ---p 00015000 08:07 3673645                    /lib/x86_64-linux-gnu/libgcc_s.so.1
7fe65166a000-7fe65166b000 r--p 00014000 08:07 3673645                    /lib/x86_64-linux-gnu/libgcc_s.so.1
7fe65166b000-7fe65166c000 rw-p 00015000 08:07 3673645                    /lib/x86_64-linux-gnu/libgcc_s.so.1
7fe65166c000-7fe651765000 r-xp 00000000 08:07 3681642                    /lib/x86_64-linux-gnu/libm-2.15.so
7fe651765000-7fe651964000 ---p 000f9000 08:07 3681642                    /lib/x86_64-linux-gnu/libm-2.15.so
7fe651964000-7fe651965000 r--p 000f8000 08:07 3681642                    /lib/x86_64-linux-gnu/libm-2.15.so
7fe651965000-7fe651966000 rw-p 000f9000 08:07 3681642                    /lib/x86_64-linux-gnu/libm-2.15.so
7fe651966000-7fe651a48000 r-xp 00000000 08:07 5250893                    /usr/lib/x86_64-linux-gnu/libstdc++.so.6.0.16
7fe651a48000-7fe651c47000 ---p 000e2000 08:07 5250893                    /usr/lib/x86_64-linux-gnu/libstdc++.so.6.0.16
7fe651c47000-7fe651c4f000 r--p 000e1000 08:07 5250893                    /usr/lib/x86_64-linux-gnu/libstdc++.so.6.0.16
7fe651c4f000-7fe651c51000 rw-p 000e9000 08:07 5250893                    /usr/lib/x86_64-linux-gnu/libstdc++.so.6.0.16
7fe651c51000-7fe651c66000 rw-p 00000000 00:00 0 
7fe651c66000-7fe65256a000 r-xp 00000000 08:07 5253977                    /usr/lib/jvm/java-6-openjdk-amd64/jre/lib/amd64/server/libjvm.so
7fe65256a000-7fe65276a000 ---p 00904000 08:07 5253977                    /usr/lib/jvm/java-6-openjdk-amd64/jre/lib/amd64/server/libjvm.so
7fe65276a000-7fe6527ea000 r--p 00904000 08:07 5253977                    /usr/lib/jvm/java-6-openjdk-amd64/jre/lib/amd64/server/libjvm.so
7fe6527ea000-7fe652805000 rw-p 00984000 08:07 5253977                    /usr/lib/jvm/java-6-openjdk-amd64/jre/lib/amd64/server/libjvm.so
7fe652805000-7fe65282e000 rw-p 00000000 00:00 0 
7fe65282e000-7fe652844000 r-xp 00000000 08:07 3673735                    /lib/x86_64-linux-gnu/libz.so.1.2.3.4
7fe652844000-7fe652a43000 ---p 00016000 08:07 3673735                    /lib/x86_64-linux-gnu/libz.so.1.2.3.4
7fe652a43000-7fe652a44000 r--p 00015000 08:07 3673735                    /lib/x86_64-linux-gnu/libz.so.1.2.3.4
7fe652a44000-7fe652a45000 rw-p 00016000 08:07 3673735                    /lib/x86_64-linux-gnu/libz.so.1.2.3.4
7fe652a45000-7fe652bfa000 r-xp 00000000 08:07 3681630                    /lib/x86_64-linux-gnu/libc-2.15.so
7fe652bfa000-7fe652df9000 ---p 001b5000 08:07 3681630                    /lib/x86_64-linux-gnu/libc-2.15.so
7fe652df9000-7fe652dfd000 r--p 001b4000 08:07 3681630                    /lib/x86_64-linux-gnu/libc-2.15.so
7fe652dfd000-7fe652dff000 rw-p 001b8000 08:07 3681630                    /lib/x86_64-linux-gnu/libc-2.15.so
7fe652dff000-7fe652e04000 rw-p 00000000 00:00 0 
7fe652e04000-7fe652e06000 r-xp 00000000 08:07 3681629                    /lib/x86_64-linux-gnu/libdl-2.15.so
7fe652e06000-7fe653006000 ---p 00002000 08:07 3681629                    /lib/x86_64-linux-gnu/libdl-2.15.so
7fe653006000-7fe653007000 r--p 00002000 08:07 3681629                    /lib/x86_64-linux-gnu/libdl-2.15.so
7fe653007000-7fe653008000 rw-p 00003000 08:07 3681629                    /lib/x86_64-linux-gnu/libdl-2.15.so
7fe653008000-7fe65300c000 r-xp 00000000 08:07 5253954                    /usr/lib/jvm/java-6-openjdk-amd64/jre/lib/amd64/jli/libjli.so
7fe65300c000-7fe65320b000 ---p 00004000 08:07 5253954                    /usr/lib/jvm/java-6-openjdk-amd64/jre/lib/amd64/jli/libjli.so
7fe65320b000-7fe65320c000 r--p 00003000 08:07 5253954                    /usr/lib/jvm/java-6-openjdk-amd64/jre/lib/amd64/jli/libjli.so
7fe65320c000-7fe65320d000 rw-p 00004000 08:07 5253954                    /usr/lib/jvm/java-6-openjdk-amd64/jre/lib/amd64/jli/libjli.so
7fe65320d000-7fe653225000 r-xp 00000000 08:07 3681636                    /lib/x86_64-linux-gnu/libpthread-2.15.so
7fe653225000-7fe653424000 ---p 00018000 08:07 3681636                    /lib/x86_64-linux-gnu/libpthread-2.15.so
7fe653424000-7fe653425000 r--p 00017000 08:07 3681636                    /lib/x86_64-linux-gnu/libpthread-2.15.so
7fe653425000-7fe653426000 rw-p 00018000 08:07 3681636                    /lib/x86_64-linux-gnu/libpthread-2.15.so
7fe653426000-7fe65342a000 rw-p 00000000 00:00 0 
7fe65342a000-7fe65344c000 r-xp 00000000 08:07 3681648                    /lib/x86_64-linux-gnu/ld-2.15.so
7fe653469000-7fe653473000 rw-p 00000000 00:00 0 
7fe653473000-7fe653529000 rw-p 00000000 00:00 0 
7fe653529000-7fe65352c000 ---p 00000000 00:00 0 
7fe65352c000-7fe65362f000 rw-p 00000000 00:00 0 
7fe653640000-7fe653648000 rw-s 00000000 08:07 4854339                    /tmp/hsperfdata_prakhar/19567
7fe653648000-7fe653649000 rw-p 00000000 00:00 0 
7fe653649000-7fe65364a000 r--p 00000000 00:00 0 
7fe65364a000-7fe65364c000 rw-p 00000000 00:00 0 
7fe65364c000-7fe65364d000 r--p 00022000 08:07 3681648                    /lib/x86_64-linux-gnu/ld-2.15.so
7fe65364d000-7fe65364f000 rw-p 00023000 08:07 3681648                    /lib/x86_64-linux-gnu/ld-2.15.so
7fffe0619000-7fffe063a000 rw-p 00000000 00:00 0                          [stack]
7fffe0704000-7fffe0705000 r-xp 00000000 00:00 0                          [vdso]
ffffffffff600000-ffffffffff601000 r-xp 00000000 00:00 0                  [vsyscall]

VM Arguments:
jvm_args: -Dfile.encoding=UTF-8 -Xbootclasspath:/home/prakhar/codebase/android-sdk-linux/platforms/android-13/android.jar:/home/prakhar/codebase/android-sdk-linux/add-ons/addon-google_apis-google-13/libs/usb.jar:/home/prakhar/codebase/android-sdk-linux/add-ons/addon-google_apis-google-13/libs/maps.jar 
java_command: com.hack.events.xplorer.Labs
Launcher Type: SUN_STANDARD

Environment Variables:
PATH=/home/prakhar/bin:/usr/lib/lightdm/lightdm:/usr/local/sbin:/usr/local/bin:/usr/sbin:/usr/bin:/sbin:/bin:/usr/games
LD_LIBRARY_PATH=/usr/lib/jvm/java-6-openjdk-amd64/jre/lib/amd64/server:/usr/lib/jvm/java-6-openjdk-amd64/jre/lib/amd64:/usr/lib/jvm/java-6-openjdk-amd64/jre/../lib/amd64
SHELL=/bin/bash
DISPLAY=:0

Signal Handlers:
SIGSEGV: [libjvm.so+0x784310], sa_mask[0]=0x7ffbfeff, sa_flags=0x10000004
SIGBUS: [libjvm.so+0x784310], sa_mask[0]=0x7ffbfeff, sa_flags=0x10000004
SIGFPE: [libjvm.so+0x648580], sa_mask[0]=0x7ffbfeff, sa_flags=0x10000004
SIGPIPE: [libjvm.so+0x648580], sa_mask[0]=0x7ffbfeff, sa_flags=0x10000004
SIGXFSZ: [libjvm.so+0x648580], sa_mask[0]=0x7ffbfeff, sa_flags=0x10000004
SIGILL: [libjvm.so+0x648580], sa_mask[0]=0x7ffbfeff, sa_flags=0x10000004
SIGUSR1: SIG_DFL, sa_mask[0]=0x00000000, sa_flags=0x00000000
SIGUSR2: [libjvm.so+0x648730], sa_mask[0]=0x00000004, sa_flags=0x10000004
SIGHUP: SIG_DFL, sa_mask[0]=0x00000000, sa_flags=0x00000000
SIGINT: SIG_DFL, sa_mask[0]=0x00000000, sa_flags=0x00000000
SIGTERM: SIG_DFL, sa_mask[0]=0x00000000, sa_flags=0x00000000
SIGQUIT: SIG_DFL, sa_mask[0]=0x00000000, sa_flags=0x00000000


---------------  S Y S T E M  ---------------

OS:Ubuntu 12.04 (precise)
uname:Linux 3.2.0-32-generic #51-Ubuntu SMP Wed Sep 26 21:33:09 UTC 2012 x86_64
libc:glibc 2.15 NPTL 2.15 
rlimit: STACK 8192k, CORE 0k, NPROC 62663, NOFILE 4096, AS infinity
load average:1.15 0.57 0.38

/proc/meminfo:
MemTotal:        8038512 kB
MemFree:         1663772 kB
Buffers:          219692 kB
Cached:          3908252 kB
SwapCached:            0 kB
Active:          3073292 kB
Inactive:        2906796 kB
Active(anon):    1888756 kB
Inactive(anon):   324256 kB
Active(file):    1184536 kB
Inactive(file):  2582540 kB
Unevictable:          48 kB
Mlocked:              48 kB
SwapTotal:       8246268 kB
SwapFree:        8246268 kB
Dirty:              1084 kB
Writeback:             0 kB
AnonPages:       1852540 kB
Mapped:           188040 kB
Shmem:            360828 kB
Slab:             216680 kB
SReclaimable:     176816 kB
SUnreclaim:        39864 kB
KernelStack:        4224 kB
PageTables:        42044 kB
NFS_Unstable:          0 kB
Bounce:                0 kB
WritebackTmp:          0 kB
CommitLimit:    12265524 kB
Committed_AS:    5393968 kB
VmallocTotal:   34359738367 kB
VmallocUsed:      368336 kB
VmallocChunk:   34359352612 kB
HardwareCorrupted:     0 kB
AnonHugePages:         0 kB
HugePages_Total:       0
HugePages_Free:        0
HugePages_Rsvd:        0
HugePages_Surp:        0
Hugepagesize:       2048 kB
DirectMap4k:       96256 kB
DirectMap2M:     8200192 kB


CPU:total 4 (2 cores per cpu, 2 threads per core) family 6 model 58 stepping 9, cmov, cx8, fxsr, mmx, sse, sse2, sse3, ssse3, sse4.1, sse4.2, popcnt, ht

Memory: 4k page, physical 8038512k(1663772k free), swap 8246268k(8246268k free)

vm_info: OpenJDK 64-Bit Server VM (20.0-b12) for linux-amd64 JRE (1.6.0_24-b24), built on Sep  2 2012 19:50:47 by "buildd" with gcc 4.6.3

time: Sat Oct 20 06:03:10 2012
elapsed time: 0 seconds

